<?xml version="1.0" encoding="UTF-8"?>
<!-- Generated by org.testng.reporters.JUnitReportReporter -->
<testsuite hostname="Lenin-PC" name="com.cucumberFramework.testRunner.LeninTestRunner" tests="1" failures="0" timestamp="1 Feb 2020 13:57:33 GMT" time="39.048" errors="0">
  <testcase name="feature" time="39.048" classname="com.cucumberFramework.testRunner.LeninTestRunner"/>
</testsuite> <!-- com.cucumberFramework.testRunner.LeninTestRunner -->
